<?xml version="1.0" encoding="UTF-8"?>
<coverage generated="1763307329833" clover="3.2.0">
  <project timestamp="1763307329834" name="All files">
    <metrics statements="34" coveredstatements="31" conditionals="52" coveredconditionals="49" methods="3" coveredmethods="3" elements="89" coveredelements="83" complexity="0" loc="34" ncloc="34" packages="1" files="2" classes="2"/>
    <file name="productValidation.js" path="C:\Users\LAPTOP\Downloads\Software_Testing\frontend\src\utils\productValidation.js">
      <metrics statements="25" coveredstatements="22" conditionals="32" coveredconditionals="29" methods="1" coveredmethods="1"/>
      <line num="2" count="9" type="stmt"/>
      <line num="5" count="9" type="cond" truecount="2" falsecount="0"/>
      <line num="6" count="1" type="stmt"/>
      <line num="7" count="8" type="cond" truecount="2" falsecount="0"/>
      <line num="8" count="1" type="stmt"/>
      <line num="9" count="7" type="cond" truecount="1" falsecount="1"/>
      <line num="10" count="0" type="stmt"/>
      <line num="14" count="9" type="cond" truecount="1" falsecount="1"/>
      <line num="19" count="0" type="stmt"/>
      <line num="20" count="9" type="cond" truecount="2" falsecount="0"/>
      <line num="21" count="1" type="stmt"/>
      <line num="22" count="8" type="cond" truecount="2" falsecount="0"/>
      <line num="23" count="1" type="stmt"/>
      <line num="27" count="9" type="cond" truecount="1" falsecount="1"/>
      <line num="32" count="0" type="stmt"/>
      <line num="33" count="9" type="cond" truecount="2" falsecount="0"/>
      <line num="34" count="1" type="stmt"/>
      <line num="35" count="8" type="cond" truecount="2" falsecount="0"/>
      <line num="36" count="1" type="stmt"/>
      <line num="40" count="9" type="cond" truecount="4" falsecount="0"/>
      <line num="41" count="1" type="stmt"/>
      <line num="45" count="9" type="stmt"/>
      <line num="46" count="9" type="cond" truecount="4" falsecount="0"/>
      <line num="47" count="1" type="stmt"/>
      <line num="50" count="9" type="stmt"/>
    </file>
    <file name="validation.js" path="C:\Users\LAPTOP\Downloads\Software_Testing\frontend\src\utils\validation.js">
      <metrics statements="9" coveredstatements="9" conditionals="20" coveredconditionals="20" methods="2" coveredmethods="2"/>
      <line num="2" count="5" type="cond" truecount="4" falsecount="0"/>
      <line num="3" count="4" type="cond" truecount="2" falsecount="0"/>
      <line num="4" count="3" type="cond" truecount="2" falsecount="0"/>
      <line num="5" count="2" type="cond" truecount="2" falsecount="0"/>
      <line num="6" count="1" type="stmt"/>
      <line num="9" count="5" type="cond" truecount="4" falsecount="0"/>
      <line num="10" count="4" type="cond" truecount="2" falsecount="0"/>
      <line num="11" count="3" type="cond" truecount="4" falsecount="0"/>
      <line num="12" count="1" type="stmt"/>
    </file>
  </project>
</coverage>
