{"C:\\Users\\LAPTOP\\Downloads\\Software_Testing\\frontend\\src\\utils\\productValidation.js": {"path":"C:\\Users\\LAPTOP\\Downloads\\Software_Testing\\frontend\\src\\utils\\productValidation.js","statementMap":{"0":{"start":{"line":2,"column":17},"end":{"line":2,"column":19}},"1":{"start":{"line":5,"column":2},"end":{"line":11,"column":3}},"2":{"start":{"line":6,"column":4},"end":{"line":6,"column":53}},"3":{"start":{"line":7,"column":9},"end":{"line":11,"column":3}},"4":{"start":{"line":8,"column":4},"end":{"line":8,"column":57}},"5":{"start":{"line":9,"column":9},"end":{"line":11,"column":3}},"6":{"start":{"line":10,"column":4},"end":{"line":10,"column":63}},"7":{"start":{"line":14,"column":2},"end":{"line":24,"column":3}},"8":{"start":{"line":19,"column":4},"end":{"line":19,"column":54}},"9":{"start":{"line":20,"column":9},"end":{"line":24,"column":3}},"10":{"start":{"line":21,"column":4},"end":{"line":21,"column":59}},"11":{"start":{"line":22,"column":9},"end":{"line":24,"column":3}},"12":{"start":{"line":23,"column":4},"end":{"line":23,"column":66}},"13":{"start":{"line":27,"column":2},"end":{"line":37,"column":3}},"14":{"start":{"line":32,"column":4},"end":{"line":32,"column":53}},"15":{"start":{"line":33,"column":9},"end":{"line":37,"column":3}},"16":{"start":{"line":34,"column":4},"end":{"line":34,"column":58}},"17":{"start":{"line":35,"column":9},"end":{"line":37,"column":3}},"18":{"start":{"line":36,"column":4},"end":{"line":36,"column":60}},"19":{"start":{"line":40,"column":2},"end":{"line":42,"column":3}},"20":{"start":{"line":41,"column":4},"end":{"line":41,"column":63}},"21":{"start":{"line":45,"column":26},"end":{"line":45,"column":62}},"22":{"start":{"line":46,"column":2},"end":{"line":48,"column":3}},"23":{"start":{"line":47,"column":4},"end":{"line":47,"column":46}},"24":{"start":{"line":50,"column":2},"end":{"line":50,"column":16}}},"fnMap":{"0":{"name":"validateProduct","decl":{"start":{"line":1,"column":16},"end":{"line":1,"column":31}},"loc":{"start":{"line":1,"column":41},"end":{"line":51,"column":1}},"line":1}},"branchMap":{"0":{"loc":{"start":{"line":5,"column":2},"end":{"line":11,"column":3}},"type":"if","locations":[{"start":{"line":5,"column":2},"end":{"line":11,"column":3}},{"start":{"line":7,"column":9},"end":{"line":11,"column":3}}],"line":5},"1":{"loc":{"start":{"line":7,"column":9},"end":{"line":11,"column":3}},"type":"if","locations":[{"start":{"line":7,"column":9},"end":{"line":11,"column":3}},{"start":{"line":9,"column":9},"end":{"line":11,"column":3}}],"line":7},"2":{"loc":{"start":{"line":9,"column":9},"end":{"line":11,"column":3}},"type":"if","locations":[{"start":{"line":9,"column":9},"end":{"line":11,"column":3}},{"start":{},"end":{}}],"line":9},"3":{"loc":{"start":{"line":14,"column":2},"end":{"line":24,"column":3}},"type":"if","locations":[{"start":{"line":14,"column":2},"end":{"line":24,"column":3}},{"start":{"line":20,"column":9},"end":{"line":24,"column":3}}],"line":14},"4":{"loc":{"start":{"line":15,"column":4},"end":{"line":17,"column":24}},"type":"binary-expr","locations":[{"start":{"line":15,"column":4},"end":{"line":15,"column":31}},{"start":{"line":16,"column":4},"end":{"line":16,"column":26}},{"start":{"line":17,"column":4},"end":{"line":17,"column":24}}],"line":15},"5":{"loc":{"start":{"line":20,"column":9},"end":{"line":24,"column":3}},"type":"if","locations":[{"start":{"line":20,"column":9},"end":{"line":24,"column":3}},{"start":{"line":22,"column":9},"end":{"line":24,"column":3}}],"line":20},"6":{"loc":{"start":{"line":22,"column":9},"end":{"line":24,"column":3}},"type":"if","locations":[{"start":{"line":22,"column":9},"end":{"line":24,"column":3}},{"start":{},"end":{}}],"line":22},"7":{"loc":{"start":{"line":27,"column":2},"end":{"line":37,"column":3}},"type":"if","locations":[{"start":{"line":27,"column":2},"end":{"line":37,"column":3}},{"start":{"line":33,"column":9},"end":{"line":37,"column":3}}],"line":27},"8":{"loc":{"start":{"line":28,"column":4},"end":{"line":30,"column":27}},"type":"binary-expr","locations":[{"start":{"line":28,"column":4},"end":{"line":28,"column":34}},{"start":{"line":29,"column":4},"end":{"line":29,"column":29}},{"start":{"line":30,"column":4},"end":{"line":30,"column":27}}],"line":28},"9":{"loc":{"start":{"line":33,"column":9},"end":{"line":37,"column":3}},"type":"if","locations":[{"start":{"line":33,"column":9},"end":{"line":37,"column":3}},{"start":{"line":35,"column":9},"end":{"line":37,"column":3}}],"line":33},"10":{"loc":{"start":{"line":35,"column":9},"end":{"line":37,"column":3}},"type":"if","locations":[{"start":{"line":35,"column":9},"end":{"line":37,"column":3}},{"start":{},"end":{}}],"line":35},"11":{"loc":{"start":{"line":40,"column":2},"end":{"line":42,"column":3}},"type":"if","locations":[{"start":{"line":40,"column":2},"end":{"line":42,"column":3}},{"start":{},"end":{}}],"line":40},"12":{"loc":{"start":{"line":40,"column":6},"end":{"line":40,"column":61}},"type":"binary-expr","locations":[{"start":{"line":40,"column":6},"end":{"line":40,"column":25}},{"start":{"line":40,"column":29},"end":{"line":40,"column":61}}],"line":40},"13":{"loc":{"start":{"line":46,"column":2},"end":{"line":48,"column":3}},"type":"if","locations":[{"start":{"line":46,"column":2},"end":{"line":48,"column":3}},{"start":{},"end":{}}],"line":46},"14":{"loc":{"start":{"line":46,"column":6},"end":{"line":46,"column":70}},"type":"binary-expr","locations":[{"start":{"line":46,"column":6},"end":{"line":46,"column":23}},{"start":{"line":46,"column":27},"end":{"line":46,"column":70}}],"line":46}},"s":{"0":9,"1":9,"2":1,"3":8,"4":1,"5":7,"6":0,"7":9,"8":0,"9":9,"10":1,"11":8,"12":1,"13":9,"14":0,"15":9,"16":1,"17":8,"18":1,"19":9,"20":1,"21":9,"22":9,"23":1,"24":9},"f":{"0":9},"b":{"0":[1,8],"1":[1,7],"2":[0,7],"3":[0,9],"4":[9,9,9],"5":[1,8],"6":[1,7],"7":[0,9],"8":[9,9,9],"9":[1,8],"10":[1,7],"11":[1,8],"12":[9,9],"13":[1,8],"14":[9,9]},"_coverageSchema":"1a1c01bbd47fc00a2c39e90264f33305004495a9","hash":"6913752f1baba257e025ef897b5f61a23868268d"}
,"C:\\Users\\LAPTOP\\Downloads\\Software_Testing\\frontend\\src\\utils\\validation.js": {"path":"C:\\Users\\LAPTOP\\Downloads\\Software_Testing\\frontend\\src\\utils\\validation.js","statementMap":{"0":{"start":{"line":2,"column":2},"end":{"line":2,"column":69}},"1":{"start":{"line":2,"column":26},"end":{"line":2,"column":69}},"2":{"start":{"line":3,"column":2},"end":{"line":3,"column":64}},"3":{"start":{"line":3,"column":17},"end":{"line":3,"column":64}},"4":{"start":{"line":4,"column":2},"end":{"line":4,"column":70}},"5":{"start":{"line":4,"column":18},"end":{"line":4,"column":70}},"6":{"start":{"line":5,"column":2},"end":{"line":5,"column":83}},"7":{"start":{"line":5,"column":32},"end":{"line":5,"column":83}},"8":{"start":{"line":6,"column":2},"end":{"line":6,"column":12}},"9":{"start":{"line":9,"column":2},"end":{"line":9,"column":64}},"10":{"start":{"line":9,"column":26},"end":{"line":9,"column":64}},"11":{"start":{"line":10,"column":2},"end":{"line":10,"column":59}},"12":{"start":{"line":10,"column":17},"end":{"line":10,"column":59}},"13":{"start":{"line":11,"column":2},"end":{"line":11,"column":88}},"14":{"start":{"line":11,"column":47},"end":{"line":11,"column":88}},"15":{"start":{"line":12,"column":2},"end":{"line":12,"column":12}}},"fnMap":{"0":{"name":"validateUsername","decl":{"start":{"line":1,"column":16},"end":{"line":1,"column":32}},"loc":{"start":{"line":1,"column":35},"end":{"line":7,"column":1}},"line":1},"1":{"name":"validatePassword","decl":{"start":{"line":8,"column":16},"end":{"line":8,"column":32}},"loc":{"start":{"line":8,"column":35},"end":{"line":13,"column":1}},"line":8}},"branchMap":{"0":{"loc":{"start":{"line":2,"column":2},"end":{"line":2,"column":69}},"type":"if","locations":[{"start":{"line":2,"column":2},"end":{"line":2,"column":69}},{"start":{},"end":{}}],"line":2},"1":{"loc":{"start":{"line":2,"column":5},"end":{"line":2,"column":24}},"type":"binary-expr","locations":[{"start":{"line":2,"column":5},"end":{"line":2,"column":7}},{"start":{"line":2,"column":11},"end":{"line":2,"column":24}}],"line":2},"2":{"loc":{"start":{"line":3,"column":2},"end":{"line":3,"column":64}},"type":"if","locations":[{"start":{"line":3,"column":2},"end":{"line":3,"column":64}},{"start":{},"end":{}}],"line":3},"3":{"loc":{"start":{"line":4,"column":2},"end":{"line":4,"column":70}},"type":"if","locations":[{"start":{"line":4,"column":2},"end":{"line":4,"column":70}},{"start":{},"end":{}}],"line":4},"4":{"loc":{"start":{"line":5,"column":2},"end":{"line":5,"column":83}},"type":"if","locations":[{"start":{"line":5,"column":2},"end":{"line":5,"column":83}},{"start":{},"end":{}}],"line":5},"5":{"loc":{"start":{"line":9,"column":2},"end":{"line":9,"column":64}},"type":"if","locations":[{"start":{"line":9,"column":2},"end":{"line":9,"column":64}},{"start":{},"end":{}}],"line":9},"6":{"loc":{"start":{"line":9,"column":5},"end":{"line":9,"column":24}},"type":"binary-expr","locations":[{"start":{"line":9,"column":5},"end":{"line":9,"column":7}},{"start":{"line":9,"column":11},"end":{"line":9,"column":24}}],"line":9},"7":{"loc":{"start":{"line":10,"column":2},"end":{"line":10,"column":59}},"type":"if","locations":[{"start":{"line":10,"column":2},"end":{"line":10,"column":59}},{"start":{},"end":{}}],"line":10},"8":{"loc":{"start":{"line":11,"column":2},"end":{"line":11,"column":88}},"type":"if","locations":[{"start":{"line":11,"column":2},"end":{"line":11,"column":88}},{"start":{},"end":{}}],"line":11},"9":{"loc":{"start":{"line":11,"column":7},"end":{"line":11,"column":44}},"type":"binary-expr","locations":[{"start":{"line":11,"column":7},"end":{"line":11,"column":25}},{"start":{"line":11,"column":29},"end":{"line":11,"column":44}}],"line":11}},"s":{"0":5,"1":1,"2":4,"3":1,"4":3,"5":1,"6":2,"7":1,"8":1,"9":5,"10":1,"11":4,"12":1,"13":3,"14":2,"15":1},"f":{"0":5,"1":5},"b":{"0":[1,4],"1":[5,4],"2":[1,3],"3":[1,2],"4":[1,1],"5":[1,4],"6":[5,4],"7":[1,3],"8":[2,1],"9":[3,2]},"_coverageSchema":"1a1c01bbd47fc00a2c39e90264f33305004495a9","hash":"36faaef9deb74ed4e0bc45209de09246b7c2e061"}
}
